Sequence		tRNA     	Bounds   	tRNA	Anti	Intron Bounds	Inf	HMM	2'Str	Hit	Isotype	Isotype	Type	      
Name    	tRNA#	Begin    	End      	Type	Codon	Begin	End	Score	Score	Score	Origin	CM	Score	         	Note
--------	------	-----    	------   	----	-----	-----	----	------	-----	-----	------	-------	-------	---------	------
chr1	702	132961700	132961772	Lys	TTT	0	0	87.8	67.30	20.50	Inf	Lys	113.5	cytosolic	high confidence set
chr1	838	153334410	153334482	Ile	TAT	0	0	54.5	34.30	20.20	Inf	Val	80.6	cytosolic	IPD:-48.90,isotype mismatch
chr1	958	165469203	165469274	Pro	AGG	0	0	70.2	43.80	26.40	Inf	Pro	121.0	cytosolic	high confidence set
chr1	995	170866183	170866265	Leu	CAG	0	0	77.3	47.50	29.80	Inf	Leu	124.5	cytosolic	high confidence set
chr1	996	170872554	170872624	Gly	GCC	0	0	81.0	59.90	21.10	Inf	Gly	111.7	cytosolic	high confidence set
chr1	998	170893553	170893635	Leu	CAG	0	0	78.2	47.50	30.70	Inf	Leu	124.9	cytosolic	high confidence set
chr1	999	170894200	170894270	Gly	GCC	0	0	80.9	60.10	20.80	Inf	Gly	108.6	cytosolic	high confidence set
chr1	1000	170901188	170901270	Leu	CAG	0	0	78.2	47.50	30.70	Inf	Leu	124.9	cytosolic	high confidence set
chr1	1001	170901871	170901941	Gly	GCC	0	0	80.9	60.10	20.80	Inf	Gly	108.6	cytosolic	high confidence set
chr1	1002	170908802	170908884	Leu	CAG	0	0	78.2	47.50	30.70	Inf	Leu	124.9	cytosolic	high confidence set
chr1	1003	170909445	170909515	Gly	GCC	0	0	80.9	60.10	20.80	Inf	Gly	108.6	cytosolic	high confidence set
chr1	1004	170929940	170930011	Asp	GTC	0	0	66.5	35.70	30.80	Inf	Asp	109.9	cytosolic	high confidence set
chr1	1005	170930325	170930396	Gly	TCC	0	0	73.8	49.30	24.50	Inf	Gly	102.9	cytosolic	high confidence set
chr1	1006	170930612	170930683	Glu	CTC	0	0	73.2	49.00	24.20	Inf	Glu	113.6	cytosolic	high confidence set
chr1	1007	170939012	170939084	Val	CAC	0	0	79.4	49.30	30.10	Inf	Val	116.7	cytosolic	high confidence set
chr1	1040	173217895	173217968	Arg	TCT	0	0	75.1	56.60	18.50	Inf	Arg	89.3	cytosolic	high confidence set
chr1	1445	170929489	170929407	Leu	CAG	0	0	78.2	47.50	30.70	Inf	Leu	124.9	cytosolic	high confidence set
chr1	1446	170908247	170908176	Asp	GTC	0	0	66.5	35.70	30.80	Inf	Asp	109.9	cytosolic	high confidence set
chr1	1447	170907588	170907517	Gly	TCC	0	0	73.8	49.30	24.50	Inf	Gly	102.9	cytosolic	high confidence set
chr1	1448	170907046	170906975	Glu	CTC	0	0	73.2	49.00	24.20	Inf	Glu	113.6	cytosolic	high confidence set
chr1	1449	170900633	170900562	Asp	GTC	0	0	66.5	35.70	30.80	Inf	Asp	109.9	cytosolic	high confidence set
chr1	1450	170899974	170899903	Gly	TCC	0	0	73.8	49.30	24.50	Inf	Gly	102.9	cytosolic	high confidence set
chr1	1451	170899432	170899361	Glu	CTC	0	0	73.2	49.00	24.20	Inf	Glu	113.6	cytosolic	high confidence set
chr1	1452	170892998	170892927	Asp	GTC	0	0	66.5	35.70	30.80	Inf	Asp	109.9	cytosolic	high confidence set
chr1	1453	170892339	170892268	Gly	TCC	0	0	73.8	49.30	24.50	Inf	Gly	102.9	cytosolic	high confidence set
chr1	1454	170891804	170891733	Glu	CTC	0	0	73.2	49.00	24.20	Inf	Glu	113.6	cytosolic	high confidence set
chr1	1456	170865637	170865566	Gly	TCC	0	0	73.8	49.30	24.50	Inf	Gly	102.9	cytosolic	high confidence set
chr1	1457	170864669	170864598	Asp	GTC	0	0	66.5	35.70	30.80	Inf	Asp	109.9	cytosolic	high confidence set
chr1	1458	170861584	170861511	Asn	GTT	0	0	80.9	55.20	25.70	Inf	Asn	120.1	cytosolic	high confidence set
chr1	1491	165469911	165469840	Pro	CGG	0	0	70.2	43.80	26.40	Inf	Pro	121.0	cytosolic	high confidence set
chr1	1742	132962137	132962065	Lys	TTT	0	0	87.8	67.30	20.50	Inf	Lys	113.5	cytosolic	high confidence set
chr1	1880	110832549	110832477	Lys	CTT	0	0	67.6	48.10	19.50	Inf	Lys	100.1	cytosolic	high confidence set
chr1	2073	74855976	74855906	Gly	GCC	0	0	75.4	54.30	21.10	Inf	Gly	107.3	cytosolic	high confidence set
chr1	2318	34473964	34473893	Glu	TTC	0	0	70.4	45.40	25.00	Inf	Glu	107.6	cytosolic	high confidence set
chr2	412	57072090	57072161	Ala	CGC	0	0	74.4	54.40	20.00	Inf	Ala	109.6	cytosolic	high confidence set
chr2	794	113933848	113933919	Asp	GTC	0	0	52.2	22.10	30.10	Inf	Asp	90.5	cytosolic	high confidence set
chr2	915	122208449	122208520	His	GTG	0	0	60.1	29.80	30.30	Inf	His	104.9	cytosolic	high confidence set
chr2	2205	122207915	122207844	His	GTG	0	0	60.1	29.80	30.30	Inf	His	104.9	cytosolic	high confidence set
chr2	2206	122206046	122205975	His	GTG	0	0	60.1	29.80	30.30	Inf	His	104.9	cytosolic	high confidence set
chr2	2328	118877312	118877231	Ser	GCT	0	0	89.7	59.30	30.40	Inf	Ser	127.3	cytosolic	high confidence set
chr2	2489	85971404	85971328	Lys	CTT	0	0	51.2	41.00	10.20	Inf	Lys	85.9	cytosolic	high confidence set
chr2	2690	57072476	57072406	Gly	GCC	0	0	81.0	59.90	21.10	Inf	Gly	111.7	cytosolic	high confidence set
chr2	3015	18591928	18591855	Asn	GTT	0	0	80.9	55.20	25.70	Inf	Asn	120.1	cytosolic	high confidence set
chr3	1	3188800	3188872	Lys	CTT	0	0	51.7	36.80	14.90	Inf	Lys	83.3	cytosolic	high confidence set
chr3	2	3214553	3214625	Lys	CTT	0	0	66.7	51.30	15.40	Inf	Lys	103.5	cytosolic	high confidence set
chr3	36	19682519	19682611	Tyr	GTA	19682556	19682575	72.5	44.60	27.90	Inf	Tyr	117.8	cytosolic	high confidence set
chr3	37	19682946	19683034	Tyr	GTA	19682983	19682998	75.5	47.60	27.90	Inf	Tyr	118.0	cytosolic	high confidence set
chr3	38	19683159	19683231	Ala	AGC	0	0	59.7	36.10	23.60	Inf	Ala	92.8	cytosolic	high confidence set
chr3	72	30655419	30655491	Val	AAC	0	0	79.4	49.30	30.10	Inf	Val	116.7	cytosolic	high confidence set
chr3	148	51265775	51265846	Pro	TGG	0	0	70.3	43.90	26.40	Inf	Pro	121.0	cytosolic	high confidence set
chr3	149	51266828	51266899	Pro	AGG	0	0	70.2	43.80	26.40	Inf	Pro	121.0	cytosolic	high confidence set
chr3	460	96229390	96229463	Asn	GTT	0	0	80.8	55.00	25.80	Inf	Asn	120.5	cytosolic	high confidence set
chr3	461	96240056	96240128	Val	CAC	0	0	79.4	49.30	30.10	Inf	Val	116.7	cytosolic	high confidence set
chr3	462	96242287	96242360	Asn	GTT	0	0	55.5	45.10	10.40	Inf	Asn	93.9	cytosolic	high confidence set
chr3	463	96253991	96254062	Glu	TTC	0	0	68.7	44.50	24.20	Inf	Glu	112.8	cytosolic	high confidence set
chr3	464	96290227	96290297	Gly	CCC	0	0	75.6	53.80	21.80	Inf	Gly	107.2	cytosolic	high confidence set
chr3	467	96309534	96309607	Asn	GTT	0	0	80.9	55.20	25.70	Inf	Asn	120.1	cytosolic	high confidence set
chr3	469	96317385	96317456	His	GTG	0	0	60.1	29.80	30.30	Inf	His	104.9	cytosolic	high confidence set
chr3	470	96335551	96335623	Lys	CTT	0	0	87.8	68.80	19.00	Inf	Lys	122.7	cytosolic	high confidence set
chr3	471	96343288	96343359	His	GTG	0	0	55.5	25.20	30.30	Inf	His	98.8	cytosolic	high confidence set
chr3	472	96358741	96358814	Asn	GTT	0	0	80.9	55.20	25.70	Inf	Asn	120.1	cytosolic	high confidence set
chr3	473	96359811	96359882	His	GTG	0	0	60.1	29.80	30.30	Inf	His	104.9	cytosolic	high confidence set
chr3	475	96386707	96386778	Gln	CTG	0	0	71.1	45.40	25.70	Inf	Gln	112.9	cytosolic	high confidence set
chr3	476	96405097	96405170	Asn	GTT	0	0	80.9	55.20	25.70	Inf	Asn	120.1	cytosolic	high confidence set
chr3	485	97065401	97065472	Glu	CTC	0	0	73.2	49.00	24.20	Inf	Glu	113.6	cytosolic	high confidence set
chr3	491	97588775	97588846	Gln	CTG	0	0	71.1	45.40	25.70	Inf	Gln	109.1	cytosolic	high confidence set
chr3	1018	122086681	122086597	Arg	TCT	122086644	122086633	71.1	51.20	19.90	Inf	Arg	103.0	cytosolic	high confidence set
chr3	1192	96408834	96408763	Glu	CTC	0	0	73.2	49.00	24.20	Inf	Glu	113.6	cytosolic	high confidence set
chr3	1193	96408396	96408325	Gly	TCC	0	0	73.8	49.30	24.50	Inf	Gly	102.9	cytosolic	high confidence set
chr3	1194	96407753	96407682	His	GTG	0	0	60.1	29.80	30.30	Inf	His	104.9	cytosolic	high confidence set
chr3	1195	96406900	96406828	Lys	CTT	0	0	87.8	68.80	19.00	Inf	Lys	122.7	cytosolic	high confidence set
chr3	1196	96371359	96371288	His	GTG	0	0	60.3	30.90	29.40	Inf	His	100.2	cytosolic	high confidence set
chr3	1197	96366527	96366454	Asn	GTT	0	0	80.9	55.20	25.70	Inf	Asn	120.1	cytosolic	high confidence set
chr3	1198	96365457	96365386	His	GTG	0	0	60.1	29.80	30.30	Inf	His	104.9	cytosolic	high confidence set
chr3	1199	96331419	96331349	Gly	CCC	0	0	75.9	54.10	21.80	Inf	Gly	109.5	cytosolic	high confidence set
chr3	1200	96306446	96306375	Gln	CTG	0	0	71.1	45.40	25.70	Inf	Gln	112.9	cytosolic	high confidence set
chr3	1201	96294792	96294721	Glu	TTC	0	0	68.7	44.50	24.20	Inf	Glu	112.8	cytosolic	high confidence set
chr3	1202	96258553	96258483	Gly	CCC	0	0	75.6	53.80	21.80	Inf	Gly	107.2	cytosolic	high confidence set
chr3	1204	96248543	96248472	Gln	CTG	0	0	71.1	45.40	25.70	Inf	Gln	112.9	cytosolic	high confidence set
chr3	1205	96242004	96241931	Asn	GTT	0	0	81.6	56.20	25.40	Inf	Asn	117.0	cytosolic	high confidence set
chr3	1271	90383238	90383167	iMet	CAT	0	0	60.4	30.80	29.60	Inf	iMet	130.6	cytosolic	high confidence set
chr3	1403	84136388	84136318	Gly	GCC	0	0	81.0	59.90	21.10	Inf	Gly	111.7	cytosolic	high confidence set
chr3	1487	59382418	59382347	Val	CAC	0	0	55.4	25.40	30.00	Inf	Val	78.6	cytosolic	high confidence set
chr3	1631	24217271	24217189	Leu	CAG	0	0	60.3	30.40	29.90	Inf	Leu	106.9	cytosolic	high confidence set
chr3	1647	19682195	19682123	Arg	ACG	0	0	67.5	45.70	21.80	Inf	Arg	102.6	cytosolic	high confidence set
chr4	23	10874064	10874145	Ser	AGA	0	0	89.6	56.90	32.70	Inf	Ser	133.1	cytosolic	high confidence set
chr4	87	27904779	27904852	Ile	AAT	0	0	80.3	61.30	19.00	Inf	Ile	108.1	cytosolic	high confidence set
chr4	96	32230250	32230320	Gly	CCC	0	0	68.3	55.40	12.90	Inf	Gly	101.2	cytosolic	high confidence set
chr4	945	131852570	131852641	Ala	CGC	0	0	58.7	40.10	18.60	Inf	Glu	86.6	cytosolic	IPD:-63.20,isotype mismatch
chr4	976	132243319	132243390	Ala	AGC	0	0	57.5	42.50	15.00	Inf	Ala	74.1	cytosolic	high confidence set
chr4	1828	139157888	139157817	Val	AAC	0	0	68.9	53.90	15.00	Inf	Ala	84.8	cytosolic	IPD:-37.60,isotype mismatch
chr4	2605	82537931	82537860	His	GTG	0	0	60.1	29.80	30.30	Inf	His	104.9	cytosolic	high confidence set
chr5	18	5677681	5677751	Sup	TCA	0	0	58.6	45.50	13.10	Inf	Lys	90.5	cytosolic	IPD:-90.50,unexpected anticodon
chr5	170	31045427	31045515	Tyr	GTA	31045464	31045479	77.9	50.10	27.80	Inf	Tyr	119.0	cytosolic	high confidence set
chr5	171	31045859	31045931	Ala	AGC	0	0	59.7	36.10	23.60	Inf	Ala	92.8	cytosolic	high confidence set
chr5	1074	125486536	125486607	Ala	TGC	0	0	78.7	54.30	24.40	Inf	Ala	111.2	cytosolic	high confidence set
chr5	1607	149165884	149165811	Asn	GTT	0	0	80.9	55.20	25.70	Inf	Asn	120.1	cytosolic	high confidence set
chr5	2025	125486151	125486080	Asp	GTC	0	0	66.5	35.70	30.80	Inf	Asp	109.9	cytosolic	high confidence set
chr5	2026	125483191	125483119	Phe	GAA	0	0	88.9	68.40	20.50	Inf	Phe	124.5	cytosolic	high confidence set
chr5	2027	125482742	125482671	Asp	GTC	0	0	66.5	35.70	30.80	Inf	Asp	109.9	cytosolic	high confidence set
chr5	2028	125481385	125481314	Ala	TGC	0	0	79.7	55.30	24.40	Inf	Ala	111.9	cytosolic	high confidence set
chr5	2380	109871417	109871345	Met	CAT	0	0	53.1	41.80	11.30	Inf	Met	88.8	cytosolic	high confidence set
chr5	2465	101140811	101140740	Asp	GTC	0	0	51.4	33.90	17.50	Inf	Asp	95.2	cytosolic	high confidence set
chr5	2492	98189021	98188949	Lys	CTT	0	0	65.8	51.40	14.40	Inf	Lys	94.9	cytosolic	high confidence set
chr6	18	10100371	10100443	Val	CAC	0	0	78.7	48.20	30.50	Inf	Val	114.3	cytosolic	high confidence set
chr6	74	29388823	29388894	Pro	AGG	0	0	70.2	43.80	26.40	Inf	Pro	121.0	cytosolic	high confidence set
chr6	174	38510866	38510938	Arg	CCT	0	0	65.6	51.50	14.10	Inf	Arg	98.1	cytosolic	high confidence set
chr6	244	47955931	47956002	Cys	GCA	0	0	81.9	61.60	20.30	Inf	Cys	118.5	cytosolic	high confidence set
chr6	249	48110871	48110942	Cys	GCA	0	0	77.2	56.90	20.30	Inf	Cys	117.0	cytosolic	high confidence set
chr6	250	48120290	48120361	Cys	GCA	0	0	69.4	53.60	15.80	Inf	Cys	109.7	cytosolic	high confidence set
chr6	251	48131648	48131719	Cys	GCA	0	0	77.2	56.90	20.30	Inf	Cys	117.0	cytosolic	high confidence set
chr6	252	48137113	48137184	Cys	GCA	0	0	77.2	56.90	20.30	Inf	Cys	117.0	cytosolic	high confidence set
chr6	254	48141035	48141106	Cys	GCA	0	0	77.2	56.90	20.30	Inf	Cys	117.0	cytosolic	high confidence set
chr6	255	48163252	48163323	Cys	GCA	0	0	65.2	42.70	22.50	Inf	Cys	102.2	cytosolic	high confidence set
chr6	256	48173960	48174031	Cys	GCA	0	0	77.2	56.90	20.30	Inf	Cys	117.0	cytosolic	high confidence set
chr6	258	48182002	48182073	Cys	GCA	0	0	57.3	38.70	18.60	Inf	Cys	95.3	cytosolic	high confidence set
chr6	259	48248860	48248931	Cys	GCA	0	0	77.2	56.90	20.30	Inf	Cys	117.0	cytosolic	high confidence set
chr6	260	48250614	48250685	Cys	GCA	0	0	77.2	56.90	20.30	Inf	Cys	117.0	cytosolic	high confidence set
chr6	261	48274367	48274438	Cys	GCA	0	0	77.2	56.90	20.30	Inf	Cys	117.0	cytosolic	high confidence set
chr6	262	48279393	48279464	Cys	GCA	0	0	59.6	47.60	12.00	Inf	Cys	102.9	cytosolic	high confidence set
chr6	263	48280399	48280470	Cys	GCA	0	0	72.8	52.80	20.00	Inf	Cys	113.3	cytosolic	high confidence set
chr6	264	48288433	48288504	Cys	GCA	0	0	67.8	53.90	13.90	Inf	Cys	109.3	cytosolic	high confidence set
chr6	266	48294449	48294520	Cys	GCA	0	0	77.2	56.90	20.30	Inf	Cys	117.0	cytosolic	high confidence set
chr6	267	48317547	48317618	Cys	GCA	0	0	69.8	52.20	17.60	Inf	Cys	110.2	cytosolic	high confidence set
chr6	268	48318522	48318593	Cys	GCA	0	0	60.7	49.20	11.50	Inf	Cys	100.0	cytosolic	high confidence set
chr6	269	48332789	48332860	Cys	GCA	0	0	77.2	56.90	20.30	Inf	Cys	117.0	cytosolic	high confidence set
chr6	270	48333785	48333856	Cys	GCA	0	0	66.7	48.20	18.50	Inf	Cys	103.4	cytosolic	high confidence set
chr6	477	86380875	86380945	Gly	CCC	0	0	75.1	46.00	29.10	Inf	Gly	100.7	cytosolic	high confidence set
chr6	1574	48340537	48340466	Cys	GCA	0	0	77.2	56.90	20.30	Inf	Cys	117.0	cytosolic	high confidence set
chr6	1575	48331024	48330953	Cys	GCA	0	0	77.2	56.90	20.30	Inf	Cys	117.0	cytosolic	high confidence set
chr6	1577	48326767	48326696	Cys	GCA	0	0	77.2	56.90	20.30	Inf	Cys	117.0	cytosolic	high confidence set
chr6	1578	48314096	48314025	Cys	GCA	0	0	77.2	56.90	20.30	Inf	Cys	117.0	cytosolic	high confidence set
chr6	1579	48313113	48313042	Cys	GCA	0	0	77.2	56.90	20.30	Inf	Cys	117.0	cytosolic	high confidence set
chr6	1580	48309845	48309774	Cys	GCA	0	0	77.2	56.90	20.30	Inf	Cys	117.0	cytosolic	high confidence set
chr6	1581	48290023	48289952	Cys	GCA	0	0	77.2	56.90	20.30	Inf	Cys	117.0	cytosolic	high confidence set
chr6	1582	48286712	48286641	Cys	GCA	0	0	77.2	56.90	20.30	Inf	Cys	117.0	cytosolic	high confidence set
chr6	1583	48285734	48285663	Cys	GCA	0	0	66.5	55.60	10.90	Inf	Cys	101.7	cytosolic	high confidence set
chr6	1584	48282469	48282398	Cys	GCA	0	0	63.5	43.60	19.90	Inf	Cys	103.5	cytosolic	high confidence set
chr6	1585	48275955	48275884	Cys	GCA	0	0	77.2	56.90	20.30	Inf	Cys	117.0	cytosolic	high confidence set
chr6	1586	48270012	48269941	Cys	GCA	0	0	78.7	55.90	22.80	Inf	Cys	114.4	cytosolic	high confidence set
chr6	1587	48265881	48265810	Cys	GCA	0	0	68.7	53.40	15.30	Inf	Cys	103.5	cytosolic	high confidence set
chr6	1588	48256776	48256705	Cys	GCA	0	0	77.2	56.90	20.30	Inf	Cys	117.0	cytosolic	high confidence set
chr6	1590	48245463	48245392	Cys	GCA	0	0	77.2	56.90	20.30	Inf	Cys	117.0	cytosolic	high confidence set
chr6	1591	48238727	48238656	Cys	GCA	0	0	77.2	56.90	20.30	Inf	Cys	117.0	cytosolic	high confidence set
chr6	1592	48230085	48230014	Cys	GCA	0	0	72.6	56.60	16.00	Inf	Cys	108.8	cytosolic	high confidence set
chr6	1593	48229108	48229037	Cys	GCA	0	0	77.2	56.90	20.30	Inf	Cys	117.0	cytosolic	high confidence set
chr6	1594	48221321	48221250	Cys	GCA	0	0	77.2	56.90	20.30	Inf	Cys	117.0	cytosolic	high confidence set
chr6	1595	48201334	48201263	Cys	GCA	0	0	77.1	56.30	20.80	Inf	Cys	111.7	cytosolic	high confidence set
chr6	1596	48200099	48200028	Cys	GCA	0	0	77.2	56.90	20.30	Inf	Cys	117.0	cytosolic	high confidence set
chr6	1598	48186843	48186772	Cys	GCA	0	0	77.3	57.00	20.30	Inf	Cys	117.1	cytosolic	high confidence set
chr6	1599	48184456	48184385	Cys	GCA	0	0	77.2	56.90	20.30	Inf	Cys	117.0	cytosolic	high confidence set
chr6	1600	48133280	48133209	Cys	GCA	0	0	77.2	56.90	20.30	Inf	Cys	117.0	cytosolic	high confidence set
chr6	1601	48121933	48121862	Cys	GCA	0	0	77.2	56.90	20.30	Inf	Cys	117.0	cytosolic	high confidence set
chr6	1603	48116515	48116444	Cys	GCA	0	0	67.5	51.70	15.80	Inf	Cys	108.8	cytosolic	high confidence set
chr7	149	19035169	19035255	SeC	TCA	0	0	146.4	0.00	0.00	Inf	SeC	146.4	cytosolic	high confidence set
chr7	261	28072424	28072518	Ile	TAT	28072462	28072482	73.7	45.50	28.20	Inf	Ile	106.3	cytosolic	high confidence set
chr7	547	58049063	58049134	Glu	TTC	0	0	71.2	46.50	24.70	Inf	Glu	103.6	cytosolic	high confidence set
chr7	631	79116167	79116239	Arg	TCG	0	0	74.8	55.10	19.70	Inf	Arg	107.1	cytosolic	high confidence set
chr7	727	98464622	98464693	Pro	TGG	0	0	70.5	44.30	26.20	Inf	Pro	115.9	cytosolic	high confidence set
chr7	919	120516740	120516821	Leu	AAG	0	0	72.5	55.00	17.50	Inf	Leu	116.4	cytosolic	high confidence set
chr7	1425	120434783	120434702	Leu	TAG	0	0	73.9	57.10	16.80	Inf	Leu	115.7	cytosolic	high confidence set
chr7	1601	99193178	99193107	Glu	CTC	0	0	51.6	36.90	14.70	Inf	Glu	88.8	cytosolic	high confidence set
chr7	1616	98464954	98464883	Pro	AGG	0	0	70.2	43.80	26.40	Inf	Pro	121.0	cytosolic	high confidence set
chr7	1985	34934268	34934195	Thr	AGT	0	0	82.6	61.60	21.00	Inf	Thr	105.0	cytosolic	high confidence set
chr7	2084	28493485	28493413	Lys	TTT	0	0	86.8	65.70	21.10	Inf	Lys	112.4	cytosolic	high confidence set
chr8	261	38680355	38680437	Leu	CAG	0	0	70.6	43.60	27.00	Inf	Leu	111.9	cytosolic	high confidence set
chr8	654	95430259	95430341	Leu	CAG	0	0	77.3	47.50	29.80	Inf	Leu	124.5	cytosolic	high confidence set
chr8	855	111789193	111789263	Gly	GCC	0	0	72.7	51.60	21.10	Inf	Gly	104.4	cytosolic	high confidence set
chr8	1197	122306040	122305968	Met	CAT	0	0	82.3	60.90	21.40	Inf	Met	116.4	cytosolic	high confidence set
chr8	1337	111357948	111357878	Gly	GCC	0	0	81.0	59.90	21.10	Inf	Gly	111.7	cytosolic	high confidence set
chr8	1338	111357255	111357185	Gly	GCC	0	0	81.0	59.90	21.10	Inf	Gly	111.7	cytosolic	high confidence set
chr8	1523	95430714	95430632	Leu	CAG	0	0	77.3	47.50	29.80	Inf	Leu	124.5	cytosolic	high confidence set
chr9	550	64645328	64645399	Gln	CTG	0	0	71.5	44.00	27.50	Inf	Gln	112.1	cytosolic	high confidence set
chr9	926	104277319	104277390	Cys	GCA	0	0	77.2	56.90	20.30	Inf	Cys	117.0	cytosolic	high confidence set
chr9	927	104281255	104281326	Cys	GCA	0	0	81.8	61.50	20.30	Inf	Cys	118.4	cytosolic	high confidence set
chr9	1202	123358562	123358490	Arg	ACG	0	0	64.2	45.60	18.60	Inf	Arg	98.9	cytosolic	high confidence set
chr9	1462	104285937	104285866	Glu	TTC	0	0	71.2	46.50	24.70	Inf	Glu	103.6	cytosolic	high confidence set
chr9	1583	90008634	90008562	Lys	CTT	0	0	88.0	69.30	18.70	Inf	Lys	119.6	cytosolic	high confidence set
chr9	2365	14869801	14869729	Lys	CTT	0	0	61.0	50.60	10.40	Inf	Lys	84.5	cytosolic	high confidence set
chr10	136	30687136	30687207	Glu	CTC	0	0	73.2	49.00	24.20	Inf	Glu	113.6	cytosolic	high confidence set
chr10	594	80084993	80085066	Asn	GTT	0	0	80.9	55.20	25.70	Inf	Asn	120.1	cytosolic	high confidence set
chr10	1049	128294414	128294333	Ser	CGA	0	0	89.6	61.30	28.30	Inf	Ser	126.6	cytosolic	high confidence set
chr10	1330	93288911	93288840	Asp	GTC	0	0	66.5	35.70	30.80	Inf	Asp	109.9	cytosolic	high confidence set
chr10	1338	91018030	91017959	Asp	GTC	0	0	65.4	34.70	30.70	Inf	Asp	112.7	cytosolic	high confidence set
chr10	1339	91017345	91017274	Trp	CCA	0	0	74.3	51.60	22.70	Inf	Trp	103.7	cytosolic	high confidence set
chr10	1379	87665820	87665748	Lys	TTT	0	0	63.3	51.90	11.40	Inf	Lys	82.0	cytosolic	high confidence set
chr10	1482	80084870	80084798	Phe	GAA	0	0	88.9	68.40	20.50	Inf	Phe	124.5	cytosolic	high confidence set
chr10	1703	63265336	63265255	Ser	TGA	0	0	94.0	64.50	29.50	Inf	Ser	126.7	cytosolic	high confidence set
chr10	2004	23653052	23652981	Trp	CCA	0	0	63.4	48.60	14.80	Inf	Trp	95.6	cytosolic	high confidence set
chr10	2055	12798397	12798315	Leu	TAA	0	0	84.0	57.40	26.60	Inf	Leu	113.2	cytosolic	high confidence set
chr11	94	7819777	7819848	Asp	GTC	0	0	66.5	35.70	30.80	Inf	Asp	109.9	cytosolic	high confidence set
chr11	323	48709369	48709441	Val	CAC	0	0	79.4	49.30	30.10	Inf	Val	116.7	cytosolic	high confidence set
chr11	324	48714555	48714628	Gly	ACC	0	0	70.7	49.50	21.20	Inf	Val	98.7	cytosolic	IPD:-56.90,isotype mismatch
chr11	326	48744446	48744518	Thr	TGT	0	0	78.8	54.70	24.10	Inf	Thr	93.4	cytosolic	high confidence set
chr11	327	48747107	48747178	Pro	TGG	0	0	70.3	43.90	26.40	Inf	Pro	121.0	cytosolic	high confidence set
chr11	328	48747464	48747536	Val	AAC	0	0	79.4	49.30	30.10	Inf	Val	116.7	cytosolic	high confidence set
chr11	585	67181965	67182036	Pro	TGG	0	0	55.7	37.80	17.90	Inf	Pro	94.8	cytosolic	high confidence set
chr11	615	68927829	68927902	Ile	AAT	0	0	81.2	64.80	16.40	Inf	Ile	114.0	cytosolic	high confidence set
chr11	616	68928303	68928384	Ser	AGA	0	0	89.6	56.90	32.70	Inf	Ser	133.1	cytosolic	high confidence set
chr11	617	68928679	68928752	Thr	AGT	0	0	82.6	61.60	21.00	Inf	Thr	105.0	cytosolic	high confidence set
chr11	618	68931211	68931282	Pro	CGG	0	0	70.2	43.80	26.40	Inf	Pro	121.0	cytosolic	high confidence set
chr11	619	68931810	68931881	Asp	GTC	0	0	66.5	35.70	30.80	Inf	Asp	109.9	cytosolic	high confidence set
chr11	620	68932652	68932723	Trp	CCA	0	0	73.4	53.00	20.40	Inf	Trp	105.5	cytosolic	high confidence set
chr11	621	69001291	69001364	Thr	AGT	0	0	80.1	59.10	21.00	Inf	Thr	101.8	cytosolic	high confidence set
chr11	622	69001745	69001826	Ser	CGA	0	0	95.1	66.10	29.00	Inf	Ser	130.4	cytosolic	high confidence set
chr11	623	69015067	69015148	Leu	TAG	0	0	75.2	53.50	21.70	Inf	Leu	119.1	cytosolic	high confidence set
chr11	860	79595476	79595547	Thr	CGT	0	0	78.3	58.20	20.10	Inf	Thr	93.8	cytosolic	high confidence set
chr11	983	86152994	86153065	Gln	TTG	0	0	51.3	38.60	12.70	Inf	Gln	94.7	cytosolic	high confidence set
chr11	1235	97687898	97687969	Cys	GCA	0	0	81.9	61.60	20.30	Inf	Cys	118.5	cytosolic	high confidence set
chr11	1301	100428984	100429056	Ser	GGA	0	0	77.6	60.10	17.50	Inf	Phe	112.8	cytosolic	IPD:-112.80,isotype mismatch
chr11	1496	106903692	106903764	Arg	CCG	0	0	64.9	47.20	17.70	Inf	Arg	96.9	cytosolic	high confidence set
chr11	1594	115303807	115303879	Arg	CCT	0	0	72.3	54.00	18.30	Inf	Arg	98.8	cytosolic	high confidence set
chr11	1595	115304605	115304677	Arg	TCG	0	0	68.8	48.90	19.90	Inf	Arg	102.3	cytosolic	high confidence set
chr11	1917	115304202	115304130	Arg	CCT	0	0	71.1	52.80	18.30	Inf	Arg	99.8	cytosolic	high confidence set
chr11	2222	97879820	97879749	Cys	GCA	0	0	81.9	61.60	20.30	Inf	Cys	118.5	cytosolic	high confidence set
chr11	2223	97879143	97879072	Cys	GCA	0	0	81.9	61.60	20.30	Inf	Cys	118.5	cytosolic	high confidence set
chr11	2234	97689803	97689732	Cys	GCA	0	0	81.8	62.50	19.30	Inf	Cys	118.1	cytosolic	high confidence set
chr11	2236	97660726	97660655	Cys	GCA	0	0	77.1	57.90	19.20	Inf	Cys	116.7	cytosolic	high confidence set
chr11	2238	97593348	97593275	Asn	GTT	0	0	80.9	55.20	25.70	Inf	Asn	120.1	cytosolic	high confidence set
chr11	2317	95750069	95749998	Gln	TTG	0	0	72.6	45.70	26.90	Inf	Gln	112.0	cytosolic	high confidence set
chr11	2738	74028214	74028141	Lys	CTT	0	0	54.0	38.10	15.90	Inf	Lys	88.9	cytosolic	high confidence set
chr11	2828	69016074	69016002	Lys	TTT	0	0	87.8	67.30	20.50	Inf	Lys	113.5	cytosolic	high confidence set
chr11	2829	69015504	69015433	Gln	CTG	0	0	71.5	44.00	27.50	Inf	Gln	112.1	cytosolic	high confidence set
chr11	2830	69014394	69014308	Arg	TCT	69014357	69014344	70.8	50.60	20.20	Inf	Arg	101.4	cytosolic	high confidence set
chr11	2831	69009690	69009620	Gly	GCC	0	0	81.0	59.90	21.10	Inf	Gly	111.7	cytosolic	high confidence set
chr11	2832	68954392	68954321	Trp	CCA	0	0	73.4	53.00	20.40	Inf	Trp	105.5	cytosolic	high confidence set
chr11	2833	68953949	68953868	Ser	GCT	0	0	88.4	61.60	26.80	Inf	Ser	127.3	cytosolic	high confidence set
chr11	2834	68953643	68953570	Thr	AGT	0	0	82.6	61.60	21.00	Inf	Thr	105.0	cytosolic	high confidence set
chr11	2835	68953219	68953146	Ile	AAT	0	0	81.2	64.80	16.40	Inf	Ile	114.0	cytosolic	high confidence set
chr11	2836	68932175	68932104	Gly	TCC	0	0	73.8	49.30	24.50	Inf	Gly	102.9	cytosolic	high confidence set
chr11	2879	62636912	62636841	Trp	CCA	0	0	75.7	53.00	22.70	Inf	Trp	108.2	cytosolic	high confidence set
chr11	2922	61298813	61298742	Trp	CCA	0	0	75.1	52.40	22.70	Inf	Trp	106.3	cytosolic	high confidence set
chr11	2968	58193406	58193300	Leu	CAA	58193368	58193346	75.6	52.40	23.20	Inf	Leu	132.6	cytosolic	high confidence set
chr11	2969	58193074	58193003	Glu	CTC	0	0	73.2	49.00	24.20	Inf	Glu	113.6	cytosolic	high confidence set
chr11	3141	48747882	48747801	Leu	AAG	0	0	74.8	55.10	19.70	Inf	Leu	116.5	cytosolic	high confidence set
chr11	3142	48725327	48725256	Ala	TGC	0	0	79.7	55.30	24.40	Inf	Ala	111.9	cytosolic	high confidence set
chr11	3143	48724782	48724710	Lys	CTT	0	0	87.8	68.80	19.00	Inf	Lys	122.7	cytosolic	high confidence set
chr12	795	110811772	110811845	Ile	AAT	0	0	81.2	64.80	16.40	Inf	Ile	114.0	cytosolic	high confidence set
chr12	1324	71015966	71015894	Lys	CTT	0	0	88.0	69.30	18.70	Inf	Lys	119.6	cytosolic	high confidence set
chr13	83	21345575	21345647	Phe	GAA	0	0	88.9	68.40	20.50	Inf	Phe	124.5	cytosolic	high confidence set
chr13	84	21351774	21351846	Met	CAT	0	0	77.4	55.00	22.40	Inf	Met	115.9	cytosolic	high confidence set
chr13	85	21354206	21354287	Leu	AAG	0	0	74.8	55.10	19.70	Inf	Leu	116.5	cytosolic	high confidence set
chr13	86	21354376	21354457	Leu	AAG	0	0	74.1	54.00	20.10	Inf	Leu	113.9	cytosolic	high confidence set
chr13	87	21356521	21356592	Gln	CTG	0	0	71.5	44.00	27.50	Inf	Gln	112.1	cytosolic	high confidence set
chr13	88	21384374	21384478	Leu	CAA	21384412	21384432	78.1	51.50	26.60	Inf	Leu	133.2	cytosolic	high confidence set
chr13	89	21406756	21406827	Ala	AGC	0	0	84.7	61.10	23.60	Inf	Ala	112.0	cytosolic	high confidence set
chr13	90	21418215	21418286	Ala	AGC	0	0	84.7	61.10	23.60	Inf	Ala	112.0	cytosolic	high confidence set
chr13	91	21425115	21425186	Ala	TGC	0	0	84.9	60.60	24.30	Inf	Ala	112.9	cytosolic	high confidence set
chr13	92	21426740	21426811	Ala	AGC	0	0	85.3	61.20	24.10	Inf	Ala	113.0	cytosolic	high confidence set
chr13	93	21438390	21438461	Ala	CGC	0	0	79.7	55.30	24.40	Inf	Ala	111.9	cytosolic	high confidence set
chr13	94	21443938	21444009	Ala	AGC	0	0	83.6	58.40	25.20	Inf	Ala	114.9	cytosolic	high confidence set
chr13	95	21448750	21448823	Thr	CGT	0	0	76.5	58.30	18.20	Inf	Thr	99.8	cytosolic	high confidence set
chr13	96	21460126	21460199	Thr	TGT	0	0	83.6	62.30	21.30	Inf	Thr	104.8	cytosolic	high confidence set
chr13	97	21463866	21463938	Arg	TCG	0	0	65.5	44.80	20.70	Inf	Arg	97.2	cytosolic	high confidence set
chr13	98	21506983	21507056	Thr	CGT	0	0	78.2	57.00	21.20	Inf	Thr	99.7	cytosolic	high confidence set
chr13	101	21894750	21894820	Gly	GCC	0	0	81.0	59.90	21.10	Inf	Gly	111.7	cytosolic	high confidence set
chr13	102	21895164	21895235	iMet	CAT	0	0	60.4	30.80	29.60	Inf	iMet	130.6	cytosolic	high confidence set
chr13	103	21979969	21980051	Sup	TTA	0	0	71.4	50.70	20.70	Inf	Leu	90.8	cytosolic	IPD:-90.80,unexpected anticodon
chr13	105	22040191	22040264	Thr	AGT	0	0	80.4	59.40	21.00	Inf	Thr	101.2	cytosolic	high confidence set
chr13	106	22091281	22091352	iMet	CAT	0	0	52.6	27.60	25.00	Inf	iMet	121.2	cytosolic	high confidence set
chr13	107	22092110	22092182	Lys	TTT	0	0	86.8	65.70	21.10	Inf	Lys	112.4	cytosolic	high confidence set
chr13	108	22095483	22095554	Asp	GTC	0	0	66.5	35.70	30.80	Inf	Asp	109.9	cytosolic	high confidence set
chr13	109	22099008	22099113	Leu	CAA	22099046	22099067	75.1	50.80	24.30	Inf	Leu	129.6	cytosolic	high confidence set
chr13	110	22103385	22103466	Ser	AGA	0	0	89.6	56.90	32.70	Inf	Ser	133.1	cytosolic	high confidence set
chr13	111	22104370	22104441	Gln	CTG	0	0	73.6	47.80	25.80	Inf	Gln	113.0	cytosolic	high confidence set
chr13	112	22112027	22112108	Ser	AGA	0	0	89.6	56.90	32.70	Inf	Ser	133.1	cytosolic	high confidence set
chr13	113	22155958	22156030	Lys	TTT	0	0	82.7	61.60	21.10	Inf	Lys	107.3	cytosolic	high confidence set
chr13	114	22159202	22159273	iMet	CAT	0	0	60.4	30.80	29.60	Inf	iMet	130.6	cytosolic	high confidence set
chr13	115	22210718	22210790	Val	CAC	0	0	79.4	49.30	30.10	Inf	Val	116.7	cytosolic	high confidence set
chr13	116	22213393	22213466	Ile	AAT	0	0	81.2	64.80	16.40	Inf	Ile	114.0	cytosolic	high confidence set
chr13	117	23469571	23469643	Val	AAC	0	0	79.1	49.00	30.10	Inf	Val	110.6	cytosolic	high confidence set
chr13	118	23469819	23469891	Ala	AGC	0	0	59.3	35.20	24.10	Inf	Ala	93.0	cytosolic	high confidence set
chr13	119	23482951	23483023	Val	AAC	0	0	78.4	47.90	30.50	Inf	Val	111.7	cytosolic	high confidence set
chr13	120	23483231	23483303	Ala	AGC	0	0	59.3	35.20	24.10	Inf	Ala	93.0	cytosolic	high confidence set
chr13	121	23484292	23484364	Val	CAC	0	0	78.7	50.30	28.40	Inf	Val	108.2	cytosolic	high confidence set
chr13	122	23491799	23491871	Val	CAC	0	0	79.1	49.00	30.10	Inf	Val	114.0	cytosolic	high confidence set
chr13	123	23501636	23501708	Met	CAT	0	0	76.9	52.50	24.40	Inf	Met	114.5	cytosolic	high confidence set
chr13	124	23581230	23581303	Ile	AAT	0	0	78.5	62.30	16.20	Inf	Ile	110.1	cytosolic	high confidence set
chr13	126	23610675	23610762	Tyr	GTA	23610712	23610726	78.0	50.30	27.70	Inf	Tyr	120.3	cytosolic	high confidence set
chr13	127	23615582	23615654	Ala	AGC	0	0	58.9	34.90	24.00	Inf	Ala	92.8	cytosolic	high confidence set
chr13	128	23620510	23620582	Lys	CTT	0	0	87.8	68.80	19.00	Inf	Lys	122.7	cytosolic	high confidence set
chr13	129	23634792	23634865	Thr	AGT	0	0	81.4	60.50	20.90	Inf	Thr	102.0	cytosolic	high confidence set
chr13	130	23647705	23647776	Glu	TTC	0	0	71.2	46.50	24.70	Inf	Glu	103.6	cytosolic	high confidence set
chr13	131	23651246	23651335	Tyr	GTA	23651283	23651299	77.9	50.10	27.80	Inf	Tyr	120.3	cytosolic	high confidence set
chr13	132	23682276	23682347	Trp	CCA	0	0	73.3	50.60	22.70	Inf	Trp	106.9	cytosolic	high confidence set
chr13	133	23684250	23684321	iMet	CAT	0	0	60.4	30.80	29.60	Inf	iMet	130.6	cytosolic	high confidence set
chr13	134	23690689	23690760	Trp	CCA	0	0	73.3	50.60	22.70	Inf	Trp	106.9	cytosolic	high confidence set
chr13	135	23701373	23701443	Gly	GCC	0	0	81.0	59.90	21.10	Inf	Gly	111.7	cytosolic	high confidence set
chr13	136	23701862	23701933	iMet	CAT	0	0	60.4	30.80	29.60	Inf	iMet	130.6	cytosolic	high confidence set
chr13	137	23702316	23702397	Ser	TGA	0	0	90.4	57.50	32.90	Inf	Ser	133.5	cytosolic	high confidence set
chr13	138	23703220	23703291	Gln	TTG	0	0	66.9	47.20	19.70	Inf	Gln	106.5	cytosolic	high confidence set
chr13	139	23703783	23703854	Gln	TTG	0	0	66.9	47.20	19.70	Inf	Gln	106.5	cytosolic	high confidence set
chr13	140	23706040	23706121	Ser	GCT	0	0	88.4	61.60	26.80	Inf	Ser	127.3	cytosolic	high confidence set
chr13	1481	23714589	23714518	iMet	CAT	0	0	60.4	30.80	29.60	Inf	iMet	130.6	cytosolic	high confidence set
chr13	1482	23710698	23710626	Arg	TCG	0	0	64.3	43.50	20.80	Inf	Arg	90.9	cytosolic	high confidence set
chr13	1483	23688222	23688150	Arg	TCG	0	0	65.5	44.80	20.70	Inf	Arg	97.2	cytosolic	high confidence set
chr13	1484	23685208	23685127	Ser	AGA	0	0	89.6	56.90	32.70	Inf	Ser	133.1	cytosolic	high confidence set
chr13	1485	23684764	23684692	Arg	ACG	0	0	67.6	45.90	21.70	Inf	Arg	101.0	cytosolic	high confidence set
chr13	1486	23637684	23637602	Leu	CAG	0	0	78.2	47.50	30.70	Inf	Leu	124.9	cytosolic	high confidence set
chr13	1487	23631034	23630962	Arg	ACG	0	0	67.6	45.90	21.70	Inf	Arg	101.0	cytosolic	high confidence set
chr13	1488	23630384	23630312	Val	CAC	0	0	79.4	49.30	30.10	Inf	Val	116.7	cytosolic	high confidence set
chr13	1489	23622938	23622867	Ala	CGC	0	0	79.7	55.30	24.40	Inf	Ala	111.9	cytosolic	high confidence set
chr13	1490	23622352	23622279	Ile	AAT	0	0	81.2	64.80	16.40	Inf	Ile	114.0	cytosolic	high confidence set
chr13	1491	23621235	23621164	Pro	AGG	0	0	70.2	43.80	26.40	Inf	Pro	121.0	cytosolic	high confidence set
chr13	1492	23617247	23617160	Tyr	GTA	23617210	23617196	78.0	50.10	27.90	Inf	Tyr	120.3	cytosolic	high confidence set
chr13	1493	23612996	23612908	Tyr	GTA	23612959	23612944	66.4	46.10	20.30	Inf	Tyr	104.0	cytosolic	high confidence set
chr13	1494	23611350	23611265	Tyr	GTA	23611313	23611301	78.1	50.20	27.90	Inf	Tyr	120.3	cytosolic	high confidence set
chr13	1495	23609904	23609816	Tyr	GTA	23609867	23609852	78.0	50.10	27.90	Inf	Tyr	120.3	cytosolic	high confidence set
chr13	1496	23597490	23597418	Val	AAC	0	0	79.1	49.00	30.10	Inf	Val	110.6	cytosolic	high confidence set
chr13	1497	23597183	23597111	Ala	AGC	0	0	52.7	35.50	17.20	Inf	Ala	85.7	cytosolic	high confidence set
chr13	1498	23596319	23596247	Val	CAC	0	0	58.2	46.00	12.20	Inf	Val	86.9	cytosolic	high confidence set
chr13	1499	23585315	23585243	Val	AAC	0	0	78.7	50.30	28.40	Inf	Val	108.2	cytosolic	high confidence set
chr13	1500	23585037	23584965	Ala	AGC	0	0	59.3	35.20	24.10	Inf	Ala	93.0	cytosolic	high confidence set
chr13	1502	23493295	23493222	Ile	AAT	0	0	81.2	64.80	16.40	Inf	Ile	114.0	cytosolic	high confidence set
chr13	1503	23454686	23454591	Ile	TAT	23454648	23454627	73.0	44.90	28.10	Inf	Ile	105.7	cytosolic	high confidence set
chr13	1505	22234937	22234856	Ser	GCT	0	0	88.4	61.60	26.80	Inf	Ser	127.3	cytosolic	high confidence set
chr13	1506	22214343	22214270	Thr	AGT	0	0	81.9	59.20	22.70	Inf	Thr	98.6	cytosolic	high confidence set
chr13	1507	22206670	22206589	Ser	CGA	0	0	90.1	61.90	28.20	Inf	Ser	121.0	cytosolic	high confidence set
chr13	1508	22205386	22205314	Arg	ACG	0	0	64.2	45.60	18.60	Inf	Arg	98.9	cytosolic	high confidence set
chr13	1509	22200033	22199961	Val	AAC	0	0	78.1	48.10	30.00	Inf	Val	114.8	cytosolic	high confidence set
chr13	1510	22180822	22180751	Gln	CTG	0	0	60.3	36.20	24.10	Inf	Gln	95.6	cytosolic	high confidence set
chr13	1511	22178441	22178360	Ser	GCT	0	0	91.0	63.40	27.60	Inf	Ser	124.0	cytosolic	high confidence set
chr13	1513	22125165	22125084	Ser	AGA	0	0	89.6	56.90	32.70	Inf	Ser	133.1	cytosolic	high confidence set
chr13	1514	22124560	22124489	Asp	GTC	0	0	66.5	35.70	30.80	Inf	Asp	109.9	cytosolic	high confidence set
chr13	1515	22121345	22121264	Ser	AGA	0	0	90.3	57.50	32.80	Inf	Ser	133.5	cytosolic	high confidence set
chr13	1516	22119738	22119667	Asp	GTC	0	0	66.5	35.70	30.80	Inf	Asp	109.9	cytosolic	high confidence set
chr13	1517	22118202	22118131	Gln	CTG	0	0	71.5	44.00	27.50	Inf	Gln	112.1	cytosolic	high confidence set
chr13	1518	22115410	22115339	iMet	CAT	0	0	60.4	30.80	29.60	Inf	iMet	130.6	cytosolic	high confidence set
chr13	1519	22109186	22109105	Ser	TGA	0	0	90.4	57.50	32.90	Inf	Ser	133.5	cytosolic	high confidence set
chr13	1520	22101417	22101332	Arg	TCT	22101380	22101368	70.7	50.90	19.80	Inf	Arg	104.2	cytosolic	high confidence set
chr13	1522	22081201	22081108	Ile	TAT	22081163	22081144	73.1	45.00	28.10	Inf	Ile	105.7	cytosolic	high confidence set
chr13	1523	22067127	22067055	Phe	GAA	0	0	87.9	67.40	20.50	Inf	Phe	123.6	cytosolic	high confidence set
chr13	1524	22066276	22066203	Ile	AAT	0	0	81.2	64.80	16.40	Inf	Ile	114.0	cytosolic	high confidence set
chr13	1525	22039563	22039490	Ile	AAT	0	0	81.2	64.80	16.40	Inf	Ile	114.0	cytosolic	high confidence set
chr13	1526	22032274	22032192	Leu	TAA	0	0	79.0	59.00	20.00	Inf	Leu	100.9	cytosolic	high confidence set
chr13	1528	21677096	21677015	Ser	GCT	0	0	88.0	56.10	31.90	Inf	Ser	125.4	cytosolic	high confidence set
chr13	1531	21510959	21510887	Met	CAT	0	0	77.1	54.50	22.60	Inf	Met	115.9	cytosolic	high confidence set
chr13	1532	21452710	21452639	Gln	TTG	0	0	65.7	41.50	24.20	Inf	Gln	107.9	cytosolic	high confidence set
chr13	1533	21433437	21433364	Thr	AGT	0	0	79.7	58.40	21.30	Inf	Thr	100.4	cytosolic	high confidence set
chr13	1535	21399700	21399628	Arg	CCG	0	0	67.0	49.40	17.60	Inf	Arg	100.7	cytosolic	high confidence set
chr13	1537	21357112	21357007	Leu	CAA	21357074	21357052	77.7	54.40	23.30	Inf	Leu	128.3	cytosolic	high confidence set
chr13	1538	21353929	21353857	Met	CAT	0	0	77.4	55.00	22.40	Inf	Met	115.9	cytosolic	high confidence set
chr13	1539	21352317	21352245	Lys	TTT	0	0	87.8	67.30	20.50	Inf	Lys	113.5	cytosolic	high confidence set
chr13	1540	21345026	21344955	Glu	CTC	0	0	73.2	49.00	24.20	Inf	Glu	113.6	cytosolic	high confidence set
chr14	293	51301340	51301421	Leu	AAG	0	0	74.8	55.10	19.70	Inf	Leu	116.5	cytosolic	high confidence set
chr14	295	51326107	51326179	Thr	TGT	0	0	78.0	54.80	23.20	Inf	Thr	93.1	cytosolic	high confidence set
chr14	296	51326946	51327035	Tyr	GTA	51326983	51326999	75.4	47.60	27.80	Inf	Tyr	118.0	cytosolic	high confidence set
chr14	297	51328104	51328175	Pro	TGG	0	0	70.3	43.90	26.40	Inf	Pro	121.0	cytosolic	high confidence set
chr14	334	54755153	54755225	Arg	ACG	0	0	67.6	45.90	21.70	Inf	Arg	101.0	cytosolic	high confidence set
chr14	545	76390214	76390285	Glu	TTC	0	0	71.2	46.50	24.70	Inf	Glu	103.6	cytosolic	high confidence set
chr14	560	79719108	79719179	Glu	TTC	0	0	70.4	45.40	25.00	Inf	Glu	107.6	cytosolic	high confidence set
chr14	722	118327009	118326937	Phe	GAA	0	0	88.9	68.40	20.50	Inf	Phe	124.5	cytosolic	high confidence set
chr14	973	59055675	59055602	Thr	AGT	0	0	75.6	52.40	23.20	Inf	Thr	95.9	cytosolic	high confidence set
chr14	1082	51320368	51320287	Leu	TAG	0	0	74.5	52.40	22.10	Inf	Leu	116.6	cytosolic	high confidence set
chr14	1083	51302697	51302625	Thr	TGT	0	0	78.8	54.70	24.10	Inf	Thr	93.4	cytosolic	high confidence set
chr14	1084	51302342	51302271	Pro	AGG	0	0	70.2	43.80	26.40	Inf	Pro	121.0	cytosolic	high confidence set
chr15	550	88525735	88525807	Met	CAT	0	0	67.8	46.50	21.30	Inf	Met	104.2	cytosolic	high confidence set
chr15	1319	69268543	69268472	iMet	CAT	0	0	53.1	29.20	23.90	Inf	iMet	124.5	cytosolic	high confidence set
chr15	1375	57839451	57839379	Met	CAT	0	0	82.3	60.90	21.40	Inf	Met	116.4	cytosolic	high confidence set
chr15	1527	16276109	16276036	Asn	GTT	0	0	61.0	46.10	14.90	Inf	Asn	98.7	cytosolic	high confidence set
chr16	2	3267275	3267347	Lys	TTT	0	0	54.0	42.20	11.80	Inf	Lys	78.1	cytosolic	high confidence set
chr16	89	13255187	13255258	Thr	CGT	0	0	79.6	56.00	23.60	Inf	Thr	97.3	cytosolic	high confidence set
chr16	121	16672128	16672200	Lys	CTT	0	0	56.1	45.40	10.70	Inf	Lys	84.7	cytosolic	high confidence set
chr16	439	47070909	47070981	Lys	CTT	0	0	52.0	39.60	12.40	Inf	Lys	84.9	cytosolic	high confidence set
chr16	531	75231067	75231140	Ile	AAT	0	0	66.9	54.60	12.30	Inf	Ile	94.7	cytosolic	high confidence set
chr17	130	23752936	23753008	Lys	CTT	0	0	87.8	68.80	19.00	Inf	Lys	122.7	cytosolic	high confidence set
chr17	131	23759889	23759960	Pro	CGG	0	0	70.2	43.80	26.40	Inf	Pro	121.0	cytosolic	high confidence set
chr17	132	23766334	23766406	Lys	CTT	0	0	87.8	68.80	19.00	Inf	Lys	122.7	cytosolic	high confidence set
chr17	175	26094062	26094132	Gly	CCC	0	0	75.1	46.00	29.10	Inf	Gly	100.7	cytosolic	high confidence set
chr17	704	71906266	71906337	Cys	GCA	0	0	81.8	61.50	20.30	Inf	Cys	118.4	cytosolic	high confidence set
chr17	804	84169373	84169465	Ile	TAT	84169411	84169429	73.2	45.00	28.20	Inf	Ile	105.7	cytosolic	high confidence set
chr17	1163	56399072	56399001	Glu	CTC	0	0	67.9	49.20	18.70	Inf	Glu	108.2	cytosolic	high confidence set
chr17	1623	23769309	23769237	Arg	CCG	0	0	64.1	50.20	13.90	Inf	Arg	97.7	cytosolic	high confidence set
chr17	1624	23767814	23767742	Arg	CCT	0	0	71.7	56.30	15.40	Inf	Arg	98.4	cytosolic	high confidence set
chr17	1625	23765521	23765450	Pro	TGG	0	0	70.3	43.90	26.40	Inf	Pro	121.0	cytosolic	high confidence set
chr17	1629	23754378	23754306	Lys	CTT	0	0	87.8	68.80	19.00	Inf	Lys	122.7	cytosolic	high confidence set
chr19	1	3116129	3116201	Lys	TTT	0	0	54.0	42.20	11.80	Inf	Lys	78.1	cytosolic	high confidence set
chr19	10	3626263	3626335	Ala	AGC	0	0	54.6	30.80	23.80	Inf	Ala	91.8	cytosolic	high confidence set
chr19	172	11979600	11979672	Phe	GAA	0	0	88.9	68.40	20.50	Inf	Phe	124.5	cytosolic	high confidence set
chr19	173	11983403	11983475	Lys	TTT	0	0	87.8	67.30	20.50	Inf	Lys	113.5	cytosolic	high confidence set
chr19	174	11985909	11985981	Phe	GAA	0	0	87.2	65.20	22.00	Inf	Phe	123.1	cytosolic	high confidence set
chr19	175	11989295	11989367	Val	TAC	0	0	80.5	52.30	28.20	Inf	Val	108.4	cytosolic	high confidence set
chr19	176	11989630	11989702	Val	TAC	0	0	80.5	52.30	28.20	Inf	Val	108.4	cytosolic	high confidence set
chr19	988	11989037	11988952	Arg	TCT	11989000	11988988	70.3	50.00	20.30	Inf	Arg	104.1	cytosolic	high confidence set
chr19	989	11988532	11988450	Leu	TAA	0	0	86.4	55.00	31.40	Inf	Leu	110.8	cytosolic	high confidence set
chr19	990	11987132	11987060	Lys	TTT	0	0	87.8	67.30	20.50	Inf	Lys	113.5	cytosolic	high confidence set
chr19	1111	5088413	5088332	Ser	GCT	0	0	89.1	62.10	27.00	Inf	Ser	127.7	cytosolic	high confidence set
chrX	550	110286914	110286986	Arg	CCT	0	0	71.1	52.80	18.30	Inf	Arg	99.8	cytosolic	high confidence set
chrX	601	135258351	135258422	Ala	TGC	0	0	71.9	50.60	21.30	Inf	Ala	102.5	cytosolic	high confidence set
chrX	602	135268470	135268541	Ala	CGC	0	0	63.6	48.70	14.90	Inf	Ala	92.8	cytosolic	high confidence set
chrX	604	135281496	135281567	Ala	TGC	0	0	73.8	49.40	24.40	Inf	Ala	101.6	cytosolic	high confidence set
chrX	606	135297653	135297724	Ala	TGC	0	0	73.8	49.40	24.40	Inf	Ala	101.6	cytosolic	high confidence set
chrX	607	135302617	135302688	Ala	CGC	0	0	64.5	44.90	19.60	Inf	Ala	96.3	cytosolic	high confidence set
chrX	609	135454474	135454545	Ala	TGC	0	0	72.9	51.60	21.30	Inf	Ala	103.2	cytosolic	high confidence set
chrX	610	135469995	135470066	Ala	TGC	0	0	73.8	49.40	24.40	Inf	Ala	101.6	cytosolic	high confidence set
chrX	611	135470512	135470584	Ala	CGC	0	0	57.4	43.00	14.40	Inf	Ala	89.7	cytosolic	high confidence set
chrX	613	135491114	135491185	Ala	TGC	0	0	69.9	45.60	24.30	Inf	Ala	102.7	cytosolic	high confidence set
chrX	765	159549106	159549178	Val	TAC	0	0	80.5	52.30	28.20	Inf	Val	108.4	cytosolic	high confidence set
chrX	769	159918130	159918212	Leu	TAA	0	0	55.3	43.40	11.90	Inf	Leu	70.4	cytosolic	high confidence set
chrX	820	165692810	165692729	Ser	AGA	0	0	56.6	32.00	24.60	Inf	Ser	73.4	cytosolic	high confidence set
chrX	1035	135468685	135468614	Ala	CGC	0	0	56.6	44.30	12.30	Inf	Ala	89.4	cytosolic	high confidence set
chrX	1036	135331185	135331114	Ala	TGC	0	0	72.9	51.60	21.30	Inf	Ala	103.2	cytosolic	high confidence set
chrX	1038	135296342	135296271	Ala	CGC	0	0	64.5	44.90	19.60	Inf	Ala	96.3	cytosolic	high confidence set
chrX	1039	135280186	135280115	Ala	CGC	0	0	64.5	44.90	19.60	Inf	Ala	96.3	cytosolic	high confidence set
chrX	1043	135096553	135096481	Lys	CTT	0	0	86.4	70.20	16.20	Inf	Lys	103.7	cytosolic	high confidence set
chrX	1525	14568926	14568855	Pro	TGG	0	0	55.7	33.00	22.70	Inf	Pro	105.2	cytosolic	high confidence set
chrX	1530	13725476	13725405	Gln	TTG	0	0	57.7	35.00	22.70	Inf	Gln	90.3	cytosolic	high confidence set
